<?xml version="1.0" encoding="UTF-8" ?>
<testsuite errors="0" skipped="0" tests="1" time="0.915" failures="0" name="org.anuta.xmltv.test.Test">
  <properties>
    <property value="Java(TM) 2 Runtime Environment, Standard Edition" name="java.runtime.name"/>
    <property value="/System/Library/Frameworks/JavaVM.framework/Versions/1.5.0/Libraries" name="sun.boot.library.path"/>
    <property value="1.5.0_16-133" name="java.vm.version"/>
    <property value="true" name="awt.nativeDoubleBuffering"/>
    <property value="false" name="gopherProxySet"/>
    <property value="Apple Inc." name="java.vm.vendor"/>
    <property value="http://www.apple.com/" name="java.vendor.url"/>
    <property value=":" name="path.separator"/>
    <property value="Java HotSpot(TM) Client VM" name="java.vm.name"/>
    <property value="sun.io" name="file.encoding.pkg"/>
    <property value="US" name="user.country"/>
    <property value="SUN_STANDARD" name="sun.java.launcher"/>
    <property value="unknown" name="sun.os.patch.level"/>
    <property value="Java Virtual Machine Specification" name="java.vm.specification.name"/>
    <property value="/Users/fedor/workspaces/xmltv/parent-pom/JavaXmlTvCore" name="user.dir"/>
    <property value="1.5.0_16-b06-284" name="java.runtime.version"/>
    <property value="apple.awt.CGraphicsEnvironment" name="java.awt.graphicsenv"/>
    <property value="/Users/fedor/workspaces/xmltv/parent-pom/JavaXmlTvCore" name="basedir"/>
    <property value="/System/Library/Frameworks/JavaVM.framework/Versions/1.5.0/Home/lib/endorsed" name="java.endorsed.dirs"/>
    <property value="i386" name="os.arch"/>
    <property value="/tmp/surefirebooter9619.jar" name="surefire.real.class.path"/>
    <property value="/tmp" name="java.io.tmpdir"/>
    <property value="
" name="line.separator"/>
    <property value="Sun Microsystems Inc." name="java.vm.specification.vendor"/>
    <property value="Mac OS X" name="os.name"/>
    <property value="MacRoman" name="sun.jnu.encoding"/>
    <property value=".:/Library/Java/Extensions:/System/Library/Java/Extensions:/usr/lib/java" name="java.library.path"/>
    <property value="/Users/fedor/workspaces/xmltv/parent-pom/JavaXmlTvCore/target/classes:/Users/fedor/workspaces/xmltv/parent-pom/JavaXmlTvCore/target/test-classes:/Users/fedor/.m2/repository/junit/junit/3.8.2/junit-3.8.2.jar:/Users/fedor/.m2/repository/org/apache/xmlbeans/xmlbeans/2.3.0/xmlbeans-2.3.0.jar:/Users/fedor/.m2/repository/commons-logging/commons-logging/1.1.1/commons-logging-1.1.1.jar:/Users/fedor/.m2/repository/org/springframework/spring/2.5.4/spring-2.5.4.jar:/Users/fedor/.m2/repository/commons-httpclient/commons-httpclient/3.1/commons-httpclient-3.1.jar:/Users/fedor/.m2/repository/commons-codec/commons-codec/1.2/commons-codec-1.2.jar:/Users/fedor/.m2/repository/org/anuta/htmlcleaner/htmlcleaner/2.1/htmlcleaner-2.1.jar:/Users/fedor/.m2/repository/stax/stax-api/1.0.1/stax-api-1.0.1.jar:/Users/fedor/.m2/repository/log4j/log4j/1.2.14/log4j-1.2.14.jar:/Users/fedor/.m2/repository/org/anuta/xmltv/xmlbeans/XMLTVXMLBeans/1.0/XMLTVXMLBeans-1.0.jar:/Users/fedor/.m2/repository/org/apache/xmlbeans/xmlbeans-xmlpublic/2.3.0/xmlbeans-xmlpublic-2.3.0.jar:/Users/fedor/.m2/repository/org/apache/xmlbeans/xmlbeans-qname/2.3.0/xmlbeans-qname-2.3.0.jar:" name="surefire.test.class.path"/>
    <property value="Java Platform API Specification" name="java.specification.name"/>
    <property value="49.0" name="java.class.version"/>
    <property value="HotSpot Client Compiler" name="sun.management.compiler"/>
    <property value="10.5.5" name="os.version"/>
    <property value="local|*.local|169.254/16|*.169.254/16" name="http.nonProxyHosts"/>
    <property value="/Users/fedor" name="user.home"/>
    <property value="Europe/Amsterdam" name="user.timezone"/>
    <property value="apple.awt.CPrinterJob" name="java.awt.printerjob"/>
    <property value="1.5" name="java.specification.version"/>
    <property value="MacRoman" name="file.encoding"/>
    <property value="fedor" name="user.name"/>
    <property value="/Users/fedor/workspaces/xmltv/parent-pom/JavaXmlTvCore/target/classes:/Users/fedor/workspaces/xmltv/parent-pom/JavaXmlTvCore/target/test-classes:/Users/fedor/.m2/repository/junit/junit/3.8.2/junit-3.8.2.jar:/Users/fedor/.m2/repository/org/apache/xmlbeans/xmlbeans/2.3.0/xmlbeans-2.3.0.jar:/Users/fedor/.m2/repository/commons-logging/commons-logging/1.1.1/commons-logging-1.1.1.jar:/Users/fedor/.m2/repository/org/springframework/spring/2.5.4/spring-2.5.4.jar:/Users/fedor/.m2/repository/commons-httpclient/commons-httpclient/3.1/commons-httpclient-3.1.jar:/Users/fedor/.m2/repository/commons-codec/commons-codec/1.2/commons-codec-1.2.jar:/Users/fedor/.m2/repository/org/anuta/htmlcleaner/htmlcleaner/2.1/htmlcleaner-2.1.jar:/Users/fedor/.m2/repository/stax/stax-api/1.0.1/stax-api-1.0.1.jar:/Users/fedor/.m2/repository/log4j/log4j/1.2.14/log4j-1.2.14.jar:/Users/fedor/.m2/repository/org/anuta/xmltv/xmlbeans/XMLTVXMLBeans/1.0/XMLTVXMLBeans-1.0.jar:/Users/fedor/.m2/repository/org/apache/xmlbeans/xmlbeans-xmlpublic/2.3.0/xmlbeans-xmlpublic-2.3.0.jar:/Users/fedor/.m2/repository/org/apache/xmlbeans/xmlbeans-qname/2.3.0/xmlbeans-qname-2.3.0.jar:" name="java.class.path"/>
    <property value="1.0" name="java.vm.specification.version"/>
    <property value="32" name="sun.arch.data.model"/>
    <property value="/System/Library/Frameworks/JavaVM.framework/Versions/1.5.0/Home" name="java.home"/>
    <property value="Sun Microsystems Inc." name="java.specification.vendor"/>
    <property value="en" name="user.language"/>
    <property value="apple.awt.CToolkit" name="awt.toolkit"/>
    <property value="mixed mode, sharing" name="java.vm.info"/>
    <property value="1.5.0_16" name="java.version"/>
    <property value="/Library/Java/Extensions:/System/Library/Java/Extensions:/System/Library/Frameworks/JavaVM.framework/Versions/1.5.0/Home/lib/ext" name="java.ext.dirs"/>
    <property value="/System/Library/Frameworks/JavaVM.framework/Versions/1.5.0/Classes/classes.jar:/System/Library/Frameworks/JavaVM.framework/Versions/1.5.0/Classes/ui.jar:/System/Library/Frameworks/JavaVM.framework/Versions/1.5.0/Classes/laf.jar:/System/Library/Frameworks/JavaVM.framework/Versions/1.5.0/Classes/sunrsasign.jar:/System/Library/Frameworks/JavaVM.framework/Versions/1.5.0/Classes/jsse.jar:/System/Library/Frameworks/JavaVM.framework/Versions/1.5.0/Classes/jce.jar:/System/Library/Frameworks/JavaVM.framework/Versions/1.5.0/Classes/charsets.jar" name="sun.boot.class.path"/>
    <property value="Apple Inc." name="java.vendor"/>
    <property value="/Users/fedor/.m2/repository" name="localRepository"/>
    <property value="/" name="file.separator"/>
    <property value="http://bugreport.apple.com/" name="java.vendor.url.bug"/>
    <property value="little" name="sun.cpu.endian"/>
    <property value="UnicodeLittle" name="sun.io.unicode.encoding"/>
    <property value="1050.1.5.0_16-284" name="mrj.version"/>
    <property value="local|*.local|169.254/16|*.169.254/16" name="socksNonProxyHosts"/>
    <property value="local|*.local|169.254/16|*.169.254/16" name="ftp.nonProxyHosts"/>
    <property value="" name="sun.cpu.isalist"/>
  </properties>
  <testcase classname="org.anuta.xmltv.test.Test" time="0.86" name="testFull"/>
</testsuite>